2017-10-01T06:10:11,591 [ERROR] (DataParser.java:68) - The line 2 in source file is not valid
2017-10-01T06:10:11,625 [ERROR] (DataParser.java:68) - The line 3 in source file is not valid
2017-10-01T06:10:11,627 [DEBUG] (DataParser.java:61) - The line 4 contains incorrect data, but there is enough data to build the tetrahedron
2017-10-01T06:10:11,851 [INFO ] (CreatorTetrahedronFromListPoints.java:27) - by.kastsiuchenka.first.servise.TetrahedronSingleton@4c1d9d4b
2017-10-01T06:10:11,852 [INFO ] (CreatorTetrahedronFromListPoints.java:27) - by.kastsiuchenka.first.servise.TetrahedronSingleton@4c1d9d4b
2017-10-01T06:10:11,852 [INFO ] (CreatorTetrahedronFromListPoints.java:30) - total created  2 tetrahedrons
2017-10-01T06:14:12,723 [ERROR] (DataParser.java:68) - The line 2 in source file is not valid
2017-10-01T06:14:12,731 [ERROR] (DataParser.java:68) - The line 3 in source file is not valid
2017-10-01T06:14:12,731 [DEBUG] (DataParser.java:61) - The line 4 contains incorrect data, but there is enough data to build the tetrahedron
2017-10-01T06:14:12,737 [INFO ] (CreatorTetrahedronFromListPoints.java:27) - by.kastsiuchenka.first.servise.TetrahedronSingleton@222114ba
2017-10-01T06:14:12,738 [INFO ] (CreatorTetrahedronFromListPoints.java:27) - by.kastsiuchenka.first.servise.TetrahedronSingleton@222114ba
2017-10-01T06:14:12,738 [INFO ] (CreatorTetrahedronFromListPoints.java:30) - total created  2 tetrahedrons
2017-10-01T19:01:29,449 [ERROR] (DataParser.java:39) - The line 1 in source file is not valid
2017-10-01T19:01:29,456 [ERROR] (DataParser.java:39) - The line 2 in source file is not valid
2017-10-01T19:01:29,457 [ERROR] (DataParser.java:39) - The line 3 in source file is not valid
2017-10-01T19:01:29,457 [ERROR] (DataParser.java:39) - The line 4 in source file is not valid
2017-10-01T19:01:29,458 [ERROR] (DataParser.java:39) - The line 5 in source file is not valid
2017-10-01T19:01:29,458 [ERROR] (DataParser.java:39) - The line 6 in source file is not valid
2017-10-01T19:01:29,459 [ERROR] (DataParser.java:39) - The line 7 in source file is not valid
2017-10-01T19:01:29,459 [ERROR] (DataParser.java:39) - The line 8 in source file is not valid
2017-10-01T19:01:29,459 [ERROR] (DataParser.java:39) - The line 9 in source file is not valid
2017-10-01T19:01:29,460 [ERROR] (DataParser.java:39) - The line 10 in source file is not valid
2017-10-01T19:09:03,689 [ERROR] (DataParser.java:39) - The line 1 in source file is not valid
2017-10-01T19:09:03,716 [ERROR] (DataParser.java:39) - The line 2 in source file is not valid
2017-10-01T19:09:03,719 [ERROR] (DataParser.java:39) - The line 3 in source file is not valid
2017-10-01T19:09:03,721 [ERROR] (DataParser.java:39) - The line 4 in source file is not valid
2017-10-01T19:09:03,723 [ERROR] (DataParser.java:39) - The line 5 in source file is not valid
2017-10-01T19:09:03,725 [ERROR] (DataParser.java:39) - The line 6 in source file is not valid
2017-10-01T19:09:03,728 [ERROR] (DataParser.java:39) - The line 7 in source file is not valid
2017-10-01T19:09:03,730 [ERROR] (DataParser.java:39) - The line 8 in source file is not valid
2017-10-01T19:11:57,643 [ERROR] (DataParser.java:39) - The line 1 in source file is not valid
2017-10-01T19:11:57,662 [ERROR] (DataParser.java:39) - The line 2 in source file is not valid
2017-10-01T19:11:57,664 [ERROR] (DataParser.java:39) - The line 3 in source file is not valid
2017-10-01T19:11:57,665 [ERROR] (DataParser.java:39) - The line 4 in source file is not valid
2017-10-01T19:11:57,666 [ERROR] (DataParser.java:39) - The line 5 in source file is not valid
2017-10-01T19:11:57,668 [ERROR] (DataParser.java:39) - The line 6 in source file is not valid
2017-10-01T19:11:57,669 [ERROR] (DataParser.java:39) - The line 7 in source file is not valid
2017-10-01T19:11:57,671 [ERROR] (DataParser.java:39) - The line 8 in source file is not valid
2017-10-01T19:12:32,486 [ERROR] (DataParser.java:39) - The line 1 in source file is not valid
2017-10-01T19:12:32,493 [ERROR] (DataParser.java:39) - The line 2 in source file is not valid
2017-10-01T19:12:32,494 [ERROR] (DataParser.java:39) - The line 3 in source file is not valid
2017-10-01T19:12:32,495 [ERROR] (DataParser.java:39) - The line 4 in source file is not valid
2017-10-01T19:12:32,495 [ERROR] (DataParser.java:39) - The line 5 in source file is not valid
2017-10-01T19:12:32,496 [ERROR] (DataParser.java:39) - The line 6 in source file is not valid
2017-10-01T19:12:32,497 [ERROR] (DataParser.java:39) - The line 7 in source file is not valid
2017-10-01T19:12:32,497 [ERROR] (DataParser.java:39) - The line 8 in source file is not valid
2017-10-01T19:14:20,283 [ERROR] (DataParser.java:39) - The line 1 in source file is not valid
2017-10-01T19:14:20,290 [ERROR] (DataParser.java:39) - The line 2 in source file is not valid
2017-10-01T19:14:20,291 [ERROR] (DataParser.java:39) - The line 3 in source file is not valid
2017-10-01T19:14:20,291 [ERROR] (DataParser.java:39) - The line 4 in source file is not valid
2017-10-01T19:14:20,292 [ERROR] (DataParser.java:39) - The line 5 in source file is not valid
2017-10-01T19:14:20,292 [ERROR] (DataParser.java:39) - The line 6 in source file is not valid
2017-10-01T19:14:20,293 [ERROR] (DataParser.java:39) - The line 7 in source file is not valid
2017-10-01T19:14:20,293 [ERROR] (DataParser.java:39) - The line 8 in source file is not valid
2017-10-01T19:25:55,499 [DEBUG] (DataParser.java:33) - The line 1 is not valid
2017-10-01T19:25:55,514 [DEBUG] (DataParser.java:33) - The line 2 is not valid
2017-10-01T19:25:55,516 [DEBUG] (DataParser.java:33) - The line 3 is not valid
2017-10-01T19:25:55,517 [DEBUG] (DataParser.java:33) - The line 4 is not valid
2017-10-01T19:25:55,518 [DEBUG] (DataParser.java:33) - The line 5 is not valid
2017-10-01T19:25:55,520 [DEBUG] (DataParser.java:33) - The line 6 is not valid
2017-10-01T19:25:55,521 [DEBUG] (DataParser.java:33) - The line 7 is not valid
2017-10-01T19:25:55,522 [DEBUG] (DataParser.java:33) - The line 8 is not valid
2017-10-01T19:26:51,325 [DEBUG] (DataParser.java:33) - The line 1 is not valid
2017-10-01T19:26:51,338 [DEBUG] (DataParser.java:33) - The line 2 is not valid
2017-10-01T19:26:51,339 [DEBUG] (DataParser.java:33) - The line 3 is not valid
2017-10-01T19:26:51,339 [DEBUG] (DataParser.java:33) - The line 4 is not valid
2017-10-01T19:26:51,340 [DEBUG] (DataParser.java:33) - The line 5 is not valid
2017-10-01T19:26:51,341 [DEBUG] (DataParser.java:33) - The line 6 is not valid
2017-10-01T19:26:51,341 [DEBUG] (DataParser.java:33) - The line 7 is not valid
2017-10-01T19:26:51,342 [DEBUG] (DataParser.java:33) - The line 8 is not valid
2017-10-01T19:31:39,904 [DEBUG] (DataParser.java:33) - The line 1 is not valid
2017-10-01T19:31:39,923 [DEBUG] (DataParser.java:33) - The line 2 is not valid
2017-10-01T19:31:39,924 [DEBUG] (DataParser.java:33) - The line 3 is not valid
2017-10-01T19:31:39,925 [DEBUG] (DataParser.java:33) - The line 4 is not valid
2017-10-01T19:31:39,926 [DEBUG] (DataParser.java:33) - The line 5 is not valid
2017-10-01T19:31:39,926 [DEBUG] (DataParser.java:33) - The line 6 is not valid
2017-10-01T19:31:39,927 [DEBUG] (DataParser.java:33) - The line 7 is not valid
2017-10-01T19:31:39,928 [DEBUG] (DataParser.java:33) - The line 8 is not valid
2017-10-01T19:36:31,652 [DEBUG] (DataParser.java:33) - The line 1 is not valid
2017-10-01T19:36:31,660 [DEBUG] (DataParser.java:33) - The line 2 is not valid
2017-10-01T19:36:31,661 [DEBUG] (DataParser.java:33) - The line 3 is not valid
2017-10-01T19:36:31,661 [DEBUG] (DataParser.java:33) - The line 4 is not valid
2017-10-01T19:36:31,661 [DEBUG] (DataParser.java:33) - The line 5 is not valid
2017-10-01T19:36:31,662 [DEBUG] (DataParser.java:33) - The line 6 is not valid
2017-10-01T19:36:31,662 [DEBUG] (DataParser.java:33) - The line 7 is not valid
2017-10-01T19:36:31,662 [DEBUG] (DataParser.java:33) - The line 8 is not valid
2017-10-01T19:41:59,173 [DEBUG] (DataParser.java:35) - The line 1 is not valid
2017-10-01T19:43:07,956 [DEBUG] (DataParser.java:35) - The line 2 is not valid
2017-10-01T19:44:54,983 [DEBUG] (DataParser.java:35) - The line 3 is not valid
2017-10-01T19:44:54,984 [DEBUG] (DataParser.java:35) - The line 4 is not valid
2017-10-01T19:44:54,985 [DEBUG] (DataParser.java:35) - The line 5 is not valid
2017-10-01T19:44:54,985 [DEBUG] (DataParser.java:35) - The line 6 is not valid
2017-10-01T19:44:54,986 [DEBUG] (DataParser.java:35) - The line 7 is not valid
2017-10-01T19:44:54,987 [DEBUG] (DataParser.java:35) - The line 8 is not valid
2017-10-01T19:44:54,990 [INFO ] (CreatorToy.java:23) - total created  0 tetrahedrons
2017-10-01T19:45:11,112 [DEBUG] (DataParser.java:35) - The line 1 is not valid
2017-10-01T19:45:11,126 [DEBUG] (DataParser.java:35) - The line 2 is not valid
2017-10-01T19:45:11,127 [DEBUG] (DataParser.java:35) - The line 3 is not valid
2017-10-01T19:45:11,128 [DEBUG] (DataParser.java:35) - The line 4 is not valid
2017-10-01T19:45:11,129 [DEBUG] (DataParser.java:35) - The line 5 is not valid
2017-10-01T19:45:11,130 [DEBUG] (DataParser.java:35) - The line 6 is not valid
2017-10-01T19:45:11,131 [DEBUG] (DataParser.java:35) - The line 7 is not valid
2017-10-01T19:45:11,133 [DEBUG] (DataParser.java:35) - The line 8 is not valid
2017-10-01T19:45:11,137 [INFO ] (CreatorToy.java:23) - total created  0 tetrahedrons
2017-10-01T19:45:59,288 [DEBUG] (DataParser.java:35) - The line 3 is not valid
2017-10-01T19:45:59,306 [DEBUG] (DataParser.java:35) - The line 4 is not valid
2017-10-01T19:45:59,307 [DEBUG] (DataParser.java:35) - The line 5 is not valid
2017-10-01T19:45:59,308 [DEBUG] (DataParser.java:35) - The line 6 is not valid
2017-10-01T19:45:59,309 [DEBUG] (DataParser.java:35) - The line 7 is not valid
2017-10-01T19:45:59,310 [DEBUG] (DataParser.java:35) - The line 8 is not valid
2017-10-01T19:46:05,626 [DEBUG] (DataParser.java:35) - The line 3 is not valid
2017-10-01T19:46:05,647 [DEBUG] (DataParser.java:35) - The line 4 is not valid
2017-10-01T19:46:05,649 [DEBUG] (DataParser.java:35) - The line 5 is not valid
2017-10-01T19:46:05,651 [DEBUG] (DataParser.java:35) - The line 6 is not valid
2017-10-01T19:46:05,652 [DEBUG] (DataParser.java:35) - The line 7 is not valid
2017-10-01T19:46:05,654 [DEBUG] (DataParser.java:35) - The line 8 is not valid
2017-10-01T19:46:12,533 [DEBUG] (DataParser.java:35) - The line 3 is not valid
2017-10-01T19:46:12,555 [DEBUG] (DataParser.java:35) - The line 4 is not valid
2017-10-01T19:46:12,557 [DEBUG] (DataParser.java:35) - The line 5 is not valid
2017-10-01T19:46:12,558 [DEBUG] (DataParser.java:35) - The line 6 is not valid
2017-10-01T19:46:12,560 [DEBUG] (DataParser.java:35) - The line 7 is not valid
2017-10-01T19:46:12,562 [DEBUG] (DataParser.java:35) - The line 8 is not valid
2017-10-01T19:56:20,049 [DEBUG] (DataParser.java:35) - The line 3 is not valid
2017-10-01T19:56:20,070 [DEBUG] (DataParser.java:35) - The line 4 is not valid
2017-10-01T19:56:20,071 [DEBUG] (DataParser.java:35) - The line 5 is not valid
2017-10-01T19:56:20,072 [DEBUG] (DataParser.java:35) - The line 6 is not valid
2017-10-01T19:56:20,076 [DEBUG] (DataParser.java:35) - The line 7 is not valid
2017-10-01T19:56:20,077 [DEBUG] (DataParser.java:35) - The line 8 is not valid
2017-10-01T20:02:44,865 [INFO ] (CreatorToy.java:23) - total created  2 tetrahedrons
2017-10-01T20:03:08,925 [INFO ] (CreatorToy.java:23) - total created  2 tetrahedrons
2017-10-01T21:54:50,983 [INFO ] (CreatorToy.java:23) - total created  2 Toys
2017-10-01T21:55:29,945 [INFO ] (CreatorToy.java:23) - total created  2 tetrahedrons
2017-10-01T21:55:33,715 [INFO ] (CreatorToy.java:23) - total created  2 tetrahedrons
2017-10-01T21:57:18,080 [INFO ] (CreatorToy.java:23) - total created  2 Toys
2017-10-01T22:06:40,779 [INFO ] (CreatorToy.java:23) - total created  2 Toys
2017-10-01T22:07:10,019 [INFO ] (CreatorToy.java:23) - total created  2 Toys
2017-10-01T22:12:03,583 [INFO ] (CreatorToy.java:23) - total created  4 Toys
2017-10-01T22:35:59,035 [INFO ] (CreatorToy.java:23) - total created  4 Toys
2017-10-01T22:35:59,083 [INFO ] (CreatorToy.java:23) - total created  4 Toys
2017-10-01T22:35:59,103 [INFO ] (CreatorToy.java:23) - total created  8 Toys
2017-10-01T22:36:11,846 [INFO ] (CreatorToy.java:23) - total created  4 Toys
2017-10-01T22:36:11,896 [INFO ] (CreatorToy.java:23) - total created  4 Toys
2017-10-01T22:36:11,921 [INFO ] (CreatorToy.java:23) - total created  8 Toys
2017-10-01T22:40:04,311 [INFO ] (CreatorToy.java:23) - total created  4 Toys
2017-10-01T22:40:51,539 [INFO ] (CreatorToy.java:23) - total created  8 Toys
2017-10-01T22:41:44,866 [INFO ] (CreatorToy.java:23) - total created  4 Toys
2017-10-01T22:41:46,660 [INFO ] (CreatorToy.java:23) - total created  8 Toys
2017-10-01T22:44:54,643 [INFO ] (CreatorToy.java:23) - total created  4 Toys
2017-10-01T22:44:58,370 [INFO ] (CreatorToy.java:23) - total created  8 Toys
2017-10-01T22:45:10,900 [INFO ] (CreatorToy.java:23) - total created  4 Toys
2017-10-01T22:45:10,932 [INFO ] (CreatorToy.java:23) - total created  8 Toys
2017-10-01T22:46:12,875 [INFO ] (CreatorToy.java:23) - total created  4 Toys
2017-10-01T22:46:12,900 [INFO ] (CreatorToy.java:23) - total created  8 Toys
2017-10-01T22:46:42,124 [INFO ] (CreatorToy.java:23) - total created  4 Toys
2017-10-01T22:46:42,170 [INFO ] (CreatorToy.java:23) - total created  8 Toys
2017-10-01T22:47:48,704 [INFO ] (CreatorToy.java:23) - total created  4 Toys
2017-10-01T22:47:48,740 [INFO ] (CreatorToy.java:23) - total created  8 Toys
2017-10-01T22:49:28,239 [INFO ] (CreatorToy.java:23) - total created  4 Toys
2017-10-01T22:49:28,251 [INFO ] (CreatorToy.java:23) - total created  4 Toys
2017-10-01T22:49:28,256 [INFO ] (CreatorToy.java:23) - total created  8 Toys
2017-10-01T23:02:19,615 [INFO ] (CreatorToy.java:23) - total created  4 Toys
2017-10-01T23:02:39,384 [INFO ] (CreatorToy.java:23) - total created  4 Toys
2017-10-01T23:04:28,625 [INFO ] (CreatorToy.java:23) - total created  4 Toys
2017-10-01T23:04:59,192 [INFO ] (CreatorToy.java:23) - total created  4 Toys
2017-10-01T23:05:45,831 [INFO ] (CreatorToy.java:23) - total created  4 Toys
2017-10-01T23:06:00,183 [INFO ] (CreatorToy.java:23) - total created  4 Toys
2017-10-01T23:08:25,619 [INFO ] (CreatorToy.java:23) - total created  4 Toys
2017-10-01T23:36:26,392 [INFO ] (CreatorToy.java:23) - total created  4 Toys
2017-10-01T23:36:26,659 [INFO ] (SortTest.java:26) - [by.kastsiuchenka.second.entity.Transport@5be6e01c, by.kastsiuchenka.second.entity.Transport@1c93084c, by.kastsiuchenka.second.entity.Transport@6ef888f6, by.kastsiuchenka.second.entity.Transport@10e92f8f]
2017-10-01T23:43:01,871 [INFO ] (CreatorToy.java:23) - total created  4 Toys
2017-10-01T23:43:02,118 [INFO ] (SortTest.java:26) - [Transport{typeTransport=BIKE, typeControl=MANUAL, length=23.0, numberWheels=2, bodyColour='RED', scale='1:10'}, Transport{typeTransport=BIKE, typeControl=MANUAL, length=30.0, numberWheels=2, bodyColour='YELLOW', scale='1:10'}, Transport{typeTransport=BIKE, typeControl=MANUAL, length=50.0, numberWheels=2, bodyColour='GREEN', scale='1:10'}, Transport{typeTransport=TRUCK, typeControl=MANUAL, length=40.0, numberWheels=4, bodyColour='YELLOW', scale='1:10'}]
2017-10-01T23:45:32,846 [INFO ] (CreatorToy.java:23) - total created  4 Toys
2017-10-01T23:45:33,099 [INFO ] (SortTest.java:26) - dsfsdfs
[Transport{typeTransport=BIKE, typeControl=MANUAL, length=23.0, numberWheels=2, bodyColour='RED', scale='1:10'}, Transport{typeTransport=BIKE, typeControl=MANUAL, length=30.0, numberWheels=2, bodyColour='YELLOW', scale='1:10'}, Transport{typeTransport=BIKE, typeControl=MANUAL, length=50.0, numberWheels=2, bodyColour='GREEN', scale='1:10'}, Transport{typeTransport=TRUCK, typeControl=MANUAL, length=40.0, numberWheels=4, bodyColour='YELLOW', scale='1:10'}]
2017-10-01T23:47:21,240 [INFO ] (CreatorToy.java:23) - total created  4 Toys
2017-10-01T23:47:21,563 [INFO ] (SortTest.java:26) - dsfsdfs
[AbstractToy{toyId=1, toyType=TRANSPORT, model='moto1', brandName='polesie', ageCategory=THREE, material=PLASTIC, cost=11.5, weight=340, manufacturer='bike'}, AbstractToy{toyId=1, toyType=TRANSPORT, model='moto2', brandName='polesie', ageCategory=FOUR, material=PLASTIC, cost=11.5, weight=340, manufacturer='bike'}, AbstractToy{toyId=1, toyType=TRANSPORT, model='moto3', brandName='polesie', ageCategory=FOUR, material=PLASTIC, cost=11.5, weight=340, manufacturer='bike'}, AbstractToy{toyId=1, toyType=TRANSPORT, model='leva', brandName='polesie', ageCategory=TWO, material=PLASTIC, cost=10.0, weight=500, manufacturer='truck'}]
2017-10-01T23:48:46,449 [INFO ] (CreatorToy.java:23) - total created  4 Toys
2017-10-01T23:48:46,690 [INFO ] (SortTest.java:26) - dsfsdfs
[
Transport{typeTransport=BIKE, typeControl=MANUAL, length=23.0, numberWheels=2, bodyColour='RED', scale='1:10'}, 
Transport{typeTransport=BIKE, typeControl=MANUAL, length=30.0, numberWheels=2, bodyColour='YELLOW', scale='1:10'}, 
Transport{typeTransport=BIKE, typeControl=MANUAL, length=50.0, numberWheels=2, bodyColour='GREEN', scale='1:10'}, 
Transport{typeTransport=TRUCK, typeControl=MANUAL, length=40.0, numberWheels=4, bodyColour='YELLOW', scale='1:10'}]
2017-10-01T23:52:23,897 [INFO ] (CreatorToy.java:23) - total created  4 Toys
2017-10-01T23:52:24,151 [INFO ] (SortTest.java:26) - dsfsdfs
[
Transport{typeTransport=BIKE, typeControl=MANUAL, length=23.0, numberWheels=2, bodyColour='RED', scale='1:10'}, 
Transport{typeTransport=BIKE, typeControl=MANUAL, length=30.0, numberWheels=2, bodyColour='YELLOW', scale='1:10'}, 
Transport{typeTransport=BIKE, typeControl=MANUAL, length=50.0, numberWheels=2, bodyColour='GREEN', scale='1:10'}, 
Transport{typeTransport=TRUCK, typeControl=MANUAL, length=40.0, numberWheels=4, bodyColour='YELLOW', scale='1:10'}]
2017-10-01T23:54:29,553 [INFO ] (CreatorToy.java:23) - total created  4 Toys
2017-10-01T23:54:29,817 [INFO ] (SortTest.java:26) - dsfsdfs
[
Transport{toyId=1, toyType=TRANSPORT, model='moto1', brandName='polesie', ageCategory=THREE, material=PLASTIC, cost=11.5, weight=340, manufacturer='biketypeTransport=BIKE, typeControl=MANUAL, length=23.0, numberWheels=2, bodyColour='RED', scale='1:10'}, 
Transport{toyId=1, toyType=TRANSPORT, model='moto2', brandName='polesie', ageCategory=FOUR, material=PLASTIC, cost=11.5, weight=340, manufacturer='biketypeTransport=BIKE, typeControl=MANUAL, length=30.0, numberWheels=2, bodyColour='YELLOW', scale='1:10'}, 
Transport{toyId=1, toyType=TRANSPORT, model='moto3', brandName='polesie', ageCategory=FOUR, material=PLASTIC, cost=11.5, weight=340, manufacturer='biketypeTransport=BIKE, typeControl=MANUAL, length=50.0, numberWheels=2, bodyColour='GREEN', scale='1:10'}, 
Transport{toyId=1, toyType=TRANSPORT, model='leva', brandName='polesie', ageCategory=TWO, material=PLASTIC, cost=10.0, weight=500, manufacturer='trucktypeTransport=TRUCK, typeControl=MANUAL, length=40.0, numberWheels=4, bodyColour='YELLOW', scale='1:10'}]
2017-10-01T23:56:59,117 [INFO ] (CreatorToy.java:23) - total created  4 Toys
2017-10-01T23:56:59,204 [INFO ] (SortTest.java:26) - dsfsdfs
[
Transport{toyId=1, toyType=TRANSPORT, model='moto3', brandName='polesie', ageCategory=FOUR, material=PLASTIC, cost=11.5, weight=200, manufacturer='bike'  typeTransport=BIKE, typeControl=MANUAL, length=50.0, numberWheels=2, bodyColour='GREEN', scale='1:10'}, 
Transport{toyId=1, toyType=TRANSPORT, model='moto1', brandName='polesie', ageCategory=THREE, material=PLASTIC, cost=11.5, weight=300, manufacturer='bike'  typeTransport=BIKE, typeControl=MANUAL, length=23.0, numberWheels=2, bodyColour='RED', scale='1:10'}, 
Transport{toyId=1, toyType=TRANSPORT, model='moto2', brandName='polesie', ageCategory=FOUR, material=PLASTIC, cost=11.5, weight=340, manufacturer='bike'  typeTransport=BIKE, typeControl=MANUAL, length=30.0, numberWheels=2, bodyColour='YELLOW', scale='1:10'}, 
Transport{toyId=1, toyType=TRANSPORT, model='leva', brandName='polesie', ageCategory=TWO, material=PLASTIC, cost=10.0, weight=500, manufacturer='truck'  typeTransport=TRUCK, typeControl=MANUAL, length=40.0, numberWheels=4, bodyColour='YELLOW', scale='1:10'}]
2017-10-01T23:57:49,322 [INFO ] (CreatorToy.java:23) - total created  4 Toys
2017-10-01T23:57:49,577 [INFO ] (SortTest.java:26) - dsfsdfs
[
Transport{toyId=1, toyType=TRANSPORT, model='moto3', brandName='polesie', ageCategory=FOUR, material=PLASTIC, cost=11.5, weight=200, manufacturer='bike', typeTransport=BIKE, typeControl=MANUAL, length=50.0, numberWheels=2, bodyColour='GREEN', scale='1:10'}, 
Transport{toyId=1, toyType=TRANSPORT, model='moto1', brandName='polesie', ageCategory=THREE, material=PLASTIC, cost=11.5, weight=300, manufacturer='bike', typeTransport=BIKE, typeControl=MANUAL, length=23.0, numberWheels=2, bodyColour='RED', scale='1:10'}, 
Transport{toyId=1, toyType=TRANSPORT, model='moto2', brandName='polesie', ageCategory=FOUR, material=PLASTIC, cost=11.5, weight=340, manufacturer='bike', typeTransport=BIKE, typeControl=MANUAL, length=30.0, numberWheels=2, bodyColour='YELLOW', scale='1:10'}, 
Transport{toyId=1, toyType=TRANSPORT, model='leva', brandName='polesie', ageCategory=TWO, material=PLASTIC, cost=10.0, weight=500, manufacturer='truck', typeTransport=TRUCK, typeControl=MANUAL, length=40.0, numberWheels=4, bodyColour='YELLOW', scale='1:10'}]
